<?xml version="1.0" encoding="UTF-8"?>
<!-- Generated by org.testng.reporters.JUnitXMLReporter -->
<testsuite ignored="0" hostname="Pooja" failures="1" tests="3" name="Test2" time="10.953" errors="0" timestamp="2025-09-11T15:09:38 IST">
  <testcase classname="campaign.CampaignTest" name="CreateCampaignTest" time="6.497">
    <failure type="org.openqa.selenium.WebDriverException" message="target frame detached
  (failed to check if window was closed: disconnected: Unable to receive message from renderer)
  (Session info: MicrosoftEdge=140.0.3485.54)
Build info: version: &amp;apos;4.32.0&amp;apos;, revision: &amp;apos;d17c8aa950&amp;apos;
System info: os.name: &amp;apos;Windows 11&amp;apos;, os.arch: &amp;apos;amd64&amp;apos;, os.version: &amp;apos;10.0&amp;apos;, java.version: &amp;apos;23.0.1&amp;apos;
Driver info: org.openqa.selenium.edge.EdgeDriver
Command: [65af94e3fdc4974b498054d2dda46992, findElement {using=xpath, value=//span[text()=&amp;apos;Create Campaign&amp;apos;]}]
Capabilities {acceptInsecureCerts: false, browserName: MicrosoftEdge, browserVersion: 140.0.3485.54, fedcm:accounts: true, ms:edgeOptions: {debuggerAddress: localhost:59352}, msedge: {msedgedriverVersion: 140.0.3485.54 (3cc379a8a5fb..., userDataDir: C:\Users\Pooja\AppData\Loca...}, networkConnectionEnabled: false, pageLoadStrategy: normal, platformName: windows, proxy: Proxy(), se:cdp: ws://localhost:59352/devtoo..., se:cdpVersion: 140.0.3485.54, setWindowRect: true, strictFileInteractability: false, timeouts: {implicit: 0, pageLoad: 300000, script: 30000}, unhandledPromptBehavior: dismiss and notify, webauthn:extension:credBlob: true, webauthn:extension:largeBlob: true, webauthn:extension:minPinLength: true, webauthn:extension:prf: true, webauthn:virtualAuthenticators: true}
Session ID: 65af94e3fdc4974b498054d2dda46992">
      <![CDATA[org.openqa.selenium.WebDriverException: target frame detached
  (failed to check if window was closed: disconnected: Unable to receive message from renderer)
  (Session info: MicrosoftEdge=140.0.3485.54)
Build info: version: '4.32.0', revision: 'd17c8aa950'
System info: os.name: 'Windows 11', os.arch: 'amd64', os.version: '10.0', java.version: '23.0.1'
Driver info: org.openqa.selenium.edge.EdgeDriver
Command: [65af94e3fdc4974b498054d2dda46992, findElement {using=xpath, value=//span[text()='Create Campaign']}]
Capabilities {acceptInsecureCerts: false, browserName: MicrosoftEdge, browserVersion: 140.0.3485.54, fedcm:accounts: true, ms:edgeOptions: {debuggerAddress: localhost:59352}, msedge: {msedgedriverVersion: 140.0.3485.54 (3cc379a8a5fb..., userDataDir: C:\Users\Pooja\AppData\Loca...}, networkConnectionEnabled: false, pageLoadStrategy: normal, platformName: windows, proxy: Proxy(), se:cdp: ws://localhost:59352/devtoo..., se:cdpVersion: 140.0.3485.54, setWindowRect: true, strictFileInteractability: false, timeouts: {implicit: 0, pageLoad: 300000, script: 30000}, unhandledPromptBehavior: dismiss and notify, webauthn:extension:credBlob: true, webauthn:extension:largeBlob: true, webauthn:extension:minPinLength: true, webauthn:extension:prf: true, webauthn:virtualAuthenticators: true}
Session ID: 65af94e3fdc4974b498054d2dda46992
at org.openqa.selenium.remote.ErrorCodec.decode(ErrorCodec.java:167)
at org.openqa.selenium.remote.codec.w3c.W3CHttpResponseCodec.decode(W3CHttpResponseCodec.java:138)
at org.openqa.selenium.remote.codec.w3c.W3CHttpResponseCodec.decode(W3CHttpResponseCodec.java:50)
at org.openqa.selenium.remote.HttpCommandExecutor.execute(HttpCommandExecutor.java:215)
at org.openqa.selenium.remote.service.DriverCommandExecutor.invokeExecute(DriverCommandExecutor.java:216)
at org.openqa.selenium.remote.service.DriverCommandExecutor.execute(DriverCommandExecutor.java:174)
at org.openqa.selenium.remote.RemoteWebDriver.execute(RemoteWebDriver.java:545)
at org.openqa.selenium.remote.ElementLocation$ElementFinder$2.findElement(ElementLocation.java:165)
at org.openqa.selenium.remote.ElementLocation.findElement(ElementLocation.java:59)
at org.openqa.selenium.remote.RemoteWebDriver.findElement(RemoteWebDriver.java:368)
at org.openqa.selenium.remote.RemoteWebDriver.findElement(RemoteWebDriver.java:362)
at org.openqa.selenium.support.pagefactory.DefaultElementLocator.findElement(DefaultElementLocator.java:68)
at org.openqa.selenium.support.pagefactory.internal.LocatingElementHandler.invoke(LocatingElementHandler.java:38)
at jdk.proxy2/jdk.proxy2.$Proxy16.click(Unknown Source)
at campaign.CampaignTest.CreateCampaignTest(CampaignTest.java:17)
at java.base/java.util.ArrayList.forEach(ArrayList.java:1597)
at java.base/java.util.concurrent.FutureTask.run(FutureTask.java:317)
at java.base/java.util.concurrent.ThreadPoolExecutor.runWorker(ThreadPoolExecutor.java:1144)
at java.base/java.util.concurrent.ThreadPoolExecutor$Worker.run(ThreadPoolExecutor.java:642)
at java.base/java.lang.Thread.run(Thread.java:1575)
... Removed 18 stack frames]]>
    </failure>
  </testcase> <!-- CreateCampaignTest -->
  <testcase classname="campaign.CampaignTest" name="CreateCampaignWithExpectedDateTest" time="0.0">
    <skipped/>
  </testcase> <!-- CreateCampaignWithExpectedDateTest -->
  <testcase classname="campaign.CampaignTest" name="CreateCampaignWithStatusTest" time="0.0">
    <skipped/>
  </testcase> <!-- CreateCampaignWithStatusTest -->
</testsuite> <!-- Test2 -->
