<?xml version="1.0" encoding="UTF-8"?>
<!-- Generated by org.testng.reporters.JUnitXMLReporter -->
<testsuite ignored="0" hostname="Pooja" failures="0" tests="3" name="Test" time="10.327" errors="0" timestamp="2025-09-09T15:32:57 IST">
  <testcase classname="campaign.CampaignTest" name="CreateCampaignTest" time="1.882"/>
  <testcase classname="campaign.CampaignTest" name="CreateCampaignWithExpectedDateTest" time="1.315"/>
  <testcase classname="campaign.CampaignTest" name="CreateCampaignWithStatusTest" time="1.27"/>
</testsuite> <!-- Test -->
