<?xml version="1.0" encoding="UTF-8"?>
<!-- Generated by org.testng.reporters.JUnitXMLReporter -->
<testsuite ignored="2" hostname="DESKTOP-NR8INDT" failures="0" tests="0" name="Default test" time="176.897" errors="0" timestamp="2025-09-16T19:21:15 IST">
  <testcase classname="campaign.CampaignTest" name="CreateCampaignWithExpectedDateTest" time="0.0">
    <ignored/>
  </testcase> <!-- CreateCampaignWithExpectedDateTest -->
  <testcase classname="campaign.CampaignTest" name="CreateCampaignWithStatusTest" time="0.0">
    <ignored/>
  </testcase> <!-- CreateCampaignWithStatusTest -->
</testsuite> <!-- Default test -->
